Using pre-set license
Built from '2020.3/staging' branch; Version is '2020.3.24f1 (79c78de19888) revision 7980941'; Using compiler version '192528614'; Build Type 'Release'
OS: 'Windows 10  (10.0.18363) 64bit Professional' Language: 'ru' Physical Memory: 3927 MB
BatchMode: 1, IsHumanControllingUs: 0, StartBugReporterOnCrash: 0, Is64bit: 1, IsPro: 0

COMMAND LINE ARGUMENTS:
C:\Program Files\Unity\Hub\Editor\2020.3.24f1\Editor\Unity.exe
-adb2
-batchMode
-noUpm
-name
AssetImportWorker1
-projectPath
C:/Junior-Programmer-Starter-Files/Data-Persistence-Project
-logFile
Logs/AssetImportWorker1.log
-srvPort
58584
Successfully changed project path to: C:/Junior-Programmer-Starter-Files/Data-Persistence-Project
C:/Junior-Programmer-Starter-Files/Data-Persistence-Project
Using Asset Import Pipeline V2.
